<?xml version="1.0" encoding="UTF-8"?>
<testsuite name="com.leszko.calculator.CalculatorTest" tests="3" skipped="0" failures="0" errors="0" timestamp="2026-06-26T01:31:52" hostname="e527f299b8bd" time="0.009">
  <properties/>
  <testcase name="testSum()" classname="com.leszko.calculator.CalculatorTest" time="0.004"/>
  <testcase name="testSumWithNegative()" classname="com.leszko.calculator.CalculatorTest" time="0.001"/>
  <testcase name="testSumWithZero()" classname="com.leszko.calculator.CalculatorTest" time="0.001"/>
  <system-out><![CDATA[]]></system-out>
  <system-err><![CDATA[]]></system-err>
</testsuite>
